<?xml version="1.0" encoding="UTF-8"?>
<!-- Generated by org.testng.reporters.JUnitReportReporter -->
<testsuite hostname="IN-BRM9WP3" failures="0" tests="1" name="com.flipkart.tests.SellerTest" time="18.752" errors="0" timestamp="2024-06-14T16:48:39 IST" skipped="0">
  <testcase classname="com.flipkart.tests.SellerTest" name="testSellerResetPasswordFunctionality" time="18.752"/>
</testsuite> <!-- com.flipkart.tests.SellerTest -->
