<?xml version="1.0" encoding="UTF-8"?>
<!-- Generated by org.testng.reporters.JUnitReportReporter -->
<testsuite hostname="IN-BRM9WP3" failures="0" tests="1" name="com.flipkart.tests.HomeTest" time="7.933" errors="0" timestamp="2024-06-14T11:20:18 IST" skipped="0">
  <testcase classname="com.flipkart.tests.HomeTest" name="testFlipkartLogoVisibility" time="7.933"/>
</testsuite> <!-- com.flipkart.tests.HomeTest -->
