<?xml version="1.0" encoding="UTF-8"?>
<!-- Generated by org.testng.reporters.JUnitReportReporter -->
<testsuite hostname="IN-BRM9WP3" failures="0" tests="1" name="com.flipkart.tests.AdvertisePageTest" time="10.297" errors="0" timestamp="2024-06-14T16:31:12 IST" skipped="0">
  <testcase classname="com.flipkart.tests.AdvertisePageTest" name="testAdsEmptyResetPasswordFunctionality" time="10.297"/>
</testsuite> <!-- com.flipkart.tests.AdvertisePageTest -->
