<?xml version="1.0" encoding="UTF-8"?>
<!-- Generated by org.testng.reporters.JUnitReportReporter -->
<testsuite hostname="IN-BRM9WP3" failures="0" tests="1" name="com.flipkart.tests.LoginTest" time="11.216" errors="0" timestamp="2024-06-14T16:45:20 IST" skipped="0">
  <testcase classname="com.flipkart.tests.LoginTest" name="testInvalidLoginFunctionality" time="11.216"/>
</testsuite> <!-- com.flipkart.tests.LoginTest -->
