<?xml version="1.0" encoding="UTF-8"?>
<!-- Generated by org.testng.reporters.JUnitReportReporter -->
<testsuite hostname="IN-BRM9WP3" failures="0" tests="3" name="com.flipkart.tests.CartTest" time="53.079" errors="0" timestamp="2024-06-14T16:45:20 IST" skipped="0">
  <testcase classname="com.flipkart.tests.CartTest" name="testAddProductToCart" time="20.557"/>
  <testcase classname="com.flipkart.tests.CartTest" name="testRemoveProductFromCart" time="17.385"/>
  <testcase classname="com.flipkart.tests.CartTest" name="testBuyNowBtnFunctionality" time="15.137"/>
</testsuite> <!-- com.flipkart.tests.CartTest -->
