<?xml version="1.0" encoding="UTF-8"?>
<!-- Generated by org.testng.reporters.JUnitReportReporter -->
<testsuite hostname="IN-BRM9WP3" failures="0" tests="3" name="com.flipkart.tests.HomeTest" time="35.536" errors="0" timestamp="2024-06-14T16:45:20 IST" skipped="0">
  <testcase classname="com.flipkart.tests.HomeTest" name="testFlipkartLogoVisibility" time="6.721"/>
  <testcase classname="com.flipkart.tests.HomeTest" name="testSearchBarFunctionality" time="9.472"/>
  <testcase classname="com.flipkart.tests.HomeTest" name="testSearchWithMisspelledQueries" time="19.343"/>
</testsuite> <!-- com.flipkart.tests.HomeTest -->
