<?xml version="1.0" encoding="UTF-8"?>
<!-- Generated by org.testng.reporters.JUnitReportReporter -->
<testsuite hostname="IN-BRM9WP3" failures="0" tests="5" name="com.flipkart.tests.GroceryTest" time="29.177" errors="0" timestamp="2024-06-14T16:45:20 IST" skipped="2">
  <testcase classname="com.flipkart.tests.GroceryTest" name="testGroceryValidPincode" time="10.946"/>
  <testcase classname="com.flipkart.tests.GroceryTest" name="testGroceryInValidPincode" time="8.829"/>
  <testcase classname="com.flipkart.tests.GroceryTest" name="testGrocerySearchBarFunctionality" time="9.402"/>
  <testcase classname="com.flipkart.tests.GroceryTest" name="testGroceryRemoveItems">
    <skipped/>
  </testcase> <!-- testGroceryRemoveItems -->
  <testcase classname="com.flipkart.tests.GroceryTest" name="testGroceryAddItems">
    <skipped/>
  </testcase> <!-- testGroceryAddItems -->
</testsuite> <!-- com.flipkart.tests.GroceryTest -->
