<?xml version="1.0" encoding="UTF-8"?>
<!-- Generated by org.testng.reporters.JUnitReportReporter -->
<testsuite hostname="IN-BRM9WP3" failures="0" tests="2" name="com.flipkart.tests.HelpPageTest" time="18.424" errors="0" timestamp="2024-06-14T16:45:20 IST" skipped="0">
  <testcase classname="com.flipkart.tests.HelpPageTest" name="testHelpPageFeedbackYesBtnFunctionality" time="8.893"/>
  <testcase classname="com.flipkart.tests.HelpPageTest" name="testHelpPageFeedbackNoBtnFunctionality" time="9.531"/>
</testsuite> <!-- com.flipkart.tests.HelpPageTest -->
